2021-02-03 16:34:38.583 [main] INFO  com.hengtianyi.dims.Application   - Starting Application on LAPTOP-32TAHJC0 with PID 2952 (D:\ws20210202\dims\target\classes started by hp in D:\ws20210202\dims)
2021-02-03 16:34:38.593 [main] INFO  com.hengtianyi.dims.Application   - The following profiles are active: ${pom.profiles.active}
2021-02-03 16:34:39.761 [main] INFO  org.springframework.context.support.PostProcessorRegistrationDelegate$BeanPostProcessorChecker 335 postProcessAfterInitialization - Bean 'asyncConfig' of type [com.hengtianyi.dims.config.AsyncConfig$$EnhancerBySpringCGLIB$$6aeb23b3] is not eligible for getting processed by all BeanPostProcessors (for example: not eligible for auto-proxying)
2021-02-03 16:34:40.574 [main] WARN  io.undertow.websockets.jsr   - UT026010: Buffer pool was not set on WebSocketDeploymentInfo, the default pool will be used
2021-02-03 16:34:40.602 [main] INFO  io.undertow.servlet   - Initializing Spring embedded WebApplicationContext
2021-02-03 16:34:40.602 [main] INFO  org.springframework.boot.web.servlet.context.ServletWebServerApplicationContext 285 prepareWebApplicationContext - Root WebApplicationContext: initialization completed in 1958 ms
2021-02-03 16:34:40.733 [main] INFO  com.alibaba.druid.spring.boot.autoconfigure.DruidDataSourceAutoConfigure   - Init DruidDataSource
2021-02-03 16:34:41.122 [main] WARN  org.springframework.boot.web.servlet.context.AnnotationConfigServletWebServerApplicationContext 559 refresh - Exception encountered during context initialization - cancelling refresh attempt: org.springframework.beans.factory.BeanCreationException: Error creating bean with name 'logAspect': Injection of resource dependencies failed; nested exception is org.springframework.beans.factory.BeanCreationException: Error creating bean with name 'sysUserServiceImpl': Injection of resource dependencies failed; nested exception is org.springframework.beans.factory.UnsatisfiedDependencyException: Error creating bean with name 'sysUserDao' defined in file [D:\ws20210202\dims\target\classes\com\hengtianyi\dims\service\dao\SysUserDao.class]: Unsatisfied dependency expressed through bean property 'sqlSessionFactory'; nested exception is org.springframework.beans.factory.UnsatisfiedDependencyException: Error creating bean with name 'sqlSessionFactory' defined in class path resource [org/mybatis/spring/boot/autoconfigure/MybatisAutoConfiguration.class]: Unsatisfied dependency expressed through method 'sqlSessionFactory' parameter 0; nested exception is org.springframework.beans.factory.BeanCreationException: Error creating bean with name 'dataSource' defined in class path resource [com/alibaba/druid/spring/boot/autoconfigure/DruidDataSourceAutoConfigure.class]: Invocation of init method failed; nested exception is org.springframework.boot.autoconfigure.jdbc.DataSourceProperties$DataSourceBeanCreationException: Failed to determine a suitable driver class
2021-02-03 16:34:41.133 [main] INFO  org.springframework.boot.autoconfigure.logging.ConditionEvaluationReportLoggingListener 136 logMessage - 

Error starting ApplicationContext. To display the conditions report re-run your application with 'debug' enabled.
2021-02-03 16:34:41.139 [main] ERROR org.springframework.boot.diagnostics.LoggingFailureAnalysisReporter 40 report - 

***************************
APPLICATION FAILED TO START
***************************

Description:

Failed to configure a DataSource: 'url' attribute is not specified and no embedded datasource could be configured.

Reason: Failed to determine a suitable driver class


Action:

Consider the following:
	If you want an embedded database (H2, HSQL or Derby), please put it on the classpath.
	If you have database settings to be loaded from a particular profile you may need to activate it (no profiles are currently active).

